proguard.cfg
-optimizationpasses 5
-dontusemixedcaseclassnames
-dontskipnonpubliclibraryclasses
-dontpreverify
-ignorewarnings
-verbose
-optimizations !code/simplification/arithmetic,!field/*,!class/merging/*

-libraryjars lib/andengine.jar
-libraryjars lib/andenginephysicsbox2dextension.jar
-keep public class * extends android.app.Activity
-keep public class * extends android.app.Application
-keep public class * extends android.app.Service
-keep public class * extends android.content.BroadcastReceiver
-keep public class * extends android.content.ContentProvider
-keep public class * extends android.app.backup.BackupAgentHelper
-keep public class * extends android.preference.Preference
-keep public class com.android.vending.licensing.ILicensingService

-keepclasseswithmembernames class * {
    native <methods>;
}

-keepclasseswithmembers class * {
    public <init>(android.content.Context, android.util.AttributeSet);
}

-keepclasseswithmembers class * {
    public <init>(android.content.Context, android.util.AttributeSet, int);
}

-keepclassmembers class * extends android.app.Activity {
   public void *(android.view.View);
}

-keepclassmembers enum * {
    public static **[] values();
    public static ** valueOf(java.lang.String);
}

-keep class * implements android.os.Parcelable {
  public static final android.os.Parcelable$Creator *;
}

-keep public class * { 
    public protected *; 
}

-keep class org.** {*;}
-keep class com.badlogic** {*;}
-dontwarn com.aaagame.tiaotiao.**
-keep class com.aaagame.tiaotiao.** {  
*;
} 
# Preserve static fields of inner classes of R classes that might be accessed 
# through introspection. 
-keepclassmembers class **.R$* { 
  public static <fields>; 
} 
# Explicitly preserve all serialization members. The Serializable interface 
# is only a marker interface, so it wouldn't save them. 
-keepclassmembers class * implements java.io.Serializable { 
    static final long serialVersionUID; 
    private static final java.io.ObjectStreamField[] serialPersistentFields; 
    private void writeObject(java.io.ObjectOutputStream); 
    private void readObject(java.io.ObjectInputStream); 
    java.lang.Object writeReplace(); 
    java.lang.Object readResolve(); 
}