proguard/seeds.txt
com.aaagamewater.Bubble
com.aaagamewater.Bubble: Bubble(float,float,float,float,org.andengine.opengl.texture.region.ITiledTextureRegion,org.andengine.opengl.vbo.VertexBufferObjectManager,org.andengine.ui.activity.BaseGameActivity,org.andengine.entity.scene.Scene)
com.aaagamewater.Bubble: void onManagedUpdate(float)
com.aaagamewater.BuildConfig
com.aaagamewater.BuildConfig: boolean DEBUG
com.aaagamewater.BuildConfig: BuildConfig()
com.aaagamewater.Main
com.aaagamewater.Main: float Camera_Width
com.aaagamewater.Main: float Camera_Height
com.aaagamewater.Main: org.andengine.extension.physics.box2d.PhysicsWorld physicsWorld
com.aaagamewater.Main: org.andengine.extension.physics.box2d.PhysicsWorld physicsWorld2
com.aaagamewater.Main: int StartMenu
com.aaagamewater.Main: int PauseMenu
com.aaagamewater.Main: int RestartMenu
com.aaagamewater.Main: int ContinueMenu
com.aaagamewater.Main: int ExitMenu
com.aaagamewater.Main: org.andengine.entity.sprite.Sprite spalert
com.aaagamewater.Main: org.andengine.entity.sprite.Sprite spgamename
com.aaagamewater.Main: Main()
com.aaagamewater.Main: void onCreate(android.os.Bundle)
com.aaagamewater.Main: org.andengine.engine.options.EngineOptions onCreateEngineOptions()
com.aaagamewater.Main: void onCreateResources(org.andengine.ui.IGameInterface$OnCreateResourcesCallback)
com.aaagamewater.Main: void onCreateScene(org.andengine.ui.IGameInterface$OnCreateSceneCallback)
com.aaagamewater.Main: void onPopulateScene(org.andengine.entity.scene.Scene,org.andengine.ui.IGameInterface$OnPopulateSceneCallback)
com.aaagamewater.Main: void onPause()
com.aaagamewater.Main: boolean onSceneTouchEvent(org.andengine.entity.scene.Scene,org.andengine.input.touch.TouchEvent)
com.aaagamewater.Main: void onAccelerationAccuracyChanged(org.andengine.input.sensor.acceleration.AccelerationData)
com.aaagamewater.R
com.aaagamewater.R: R()
com.aaagamewater.R$attr
com.aaagamewater.R$attr: R$attr()
com.aaagamewater.R$dimen
com.aaagamewater.R$dimen: int activity_horizontal_margin
com.aaagamewater.R$dimen: int activity_vertical_margin
com.aaagamewater.R$dimen: R$dimen()
com.aaagamewater.R$drawable
com.aaagamewater.R$drawable: int logo
com.aaagamewater.R$drawable: int splash
com.aaagamewater.R$drawable: R$drawable()
com.aaagamewater.R$id
com.aaagamewater.R$id: int adLayout
com.aaagamewater.R$id: int iv_adimg
com.aaagamewater.R$id: int rendersurfaceview
com.aaagamewater.R$id: R$id()
com.aaagamewater.R$layout
com.aaagamewater.R$layout: int activity_ad
com.aaagamewater.R$layout: int activity_main
com.aaagamewater.R$layout: R$layout()
com.aaagamewater.R$string
com.aaagamewater.R$string: int app_name
com.aaagamewater.R$string: R$string()
com.aaagamewater.R$style
com.aaagamewater.R$style: int AppBaseTheme
com.aaagamewater.R$style: int AppTheme
com.aaagamewater.R$style: int Dialog_Fullscreen
com.aaagamewater.R$style: R$style()
com.aaagamewater.SplashDialog
com.aaagamewater.SplashDialog: SplashDialog(android.content.Context)
com.aaagamewater.SplashDialog: void onCreate(android.os.Bundle)
...
org.andengine.opengl.texture.TextureWarmUpVertexBufferObject
org.andengine.opengl.texture.TextureWarmUpVertexBufferObject: int VERTEX_INDEX_X
org.andengine.opengl.texture.TextureWarmUpVertexBufferObject: int VERTEX_INDEX_Y
org.andengine.opengl.texture.TextureWarmUpVertexBufferObject: int TEXTURECOORDINATES_INDEX_U
org.andengine.opengl.texture.TextureWarmUpVertexBufferObject: int TEXTURECOORDINATES_INDEX_V
org.andengine.opengl.texture.TextureWarmUpVertexBufferObject: int VERTEX_SIZE
org.andengine.opengl.texture.TextureWarmUpVertexBufferObject: int VERTICES_PER_VERTEXBUFFEROBJECT_SIZE
org.andengine.opengl.texture.TextureWarmUpVertexBufferObject: int VERTEXBUFFEROBJECT_SIZE
org.andengine.opengl.texture.TextureWarmUpVertexBufferObject: org.andengine.opengl.vbo.attribute.VertexBufferObjectAttributes VERTEXBUFFEROBJECTATTRIBUTES_DEFAULT
org.andengine.opengl.texture.TextureWarmUpVertexBufferObject: java.nio.FloatBuffer mFloatBuffer
org.andengine.opengl.texture.TextureWarmUpVertexBufferObject: void <clinit>()
org.andengine.opengl.texture.TextureWarmUpVertexBufferObject: TextureWarmUpVertexBufferObject()
org.andengine.opengl.texture.TextureWarmUpVertexBufferObject: int getHeapMemoryByteSize()
org.andengine.opengl.texture.TextureWarmUpVertexBufferObject: int getNativeHeapMemoryByteSize()
org.andengine.opengl.texture.TextureWarmUpVertexBufferObject: void onBufferData()
org.andengine.opengl.texture.atlas.ITextureAtlas
org.andengine.opengl.texture.atlas.ITextureAtlas: void addTextureAtlasSource(org.andengine.opengl.texture.atlas.source.ITextureAtlasSource,int,int)
org.andengine.opengl.texture.atlas.ITextureAtlas: void addTextureAtlasSource(org.andengine.opengl.texture.atlas.source.ITextureAtlasSource,int,int,int)
org.andengine.opengl.texture.atlas.ITextureAtlas: void addEmptyTextureAtlasSource(int,int,int,int)
org.andengine.opengl.texture.atlas.ITextureAtlas: void removeTextureAtlasSource(org.andengine.opengl.texture.atlas.source.ITextureAtlasSource,int,int)
org.andengine.opengl.texture.atlas.ITextureAtlas: void clearTextureAtlasSources()
org.andengine.opengl.texture.atlas.ITextureAtlas: boolean hasTextureStateListener()
org.andengine.opengl.texture.atlas.ITextureAtlas: boolean hasTextureAtlasStateListener()
org.andengine.opengl.texture.atlas.ITextureAtlas: org.andengine.opengl.texture.atlas.ITextureAtlas$ITextureAtlasStateListener getTextureStateListener()
org.andengine.opengl.texture.atlas.ITextureAtlas: org.andengine.opengl.texture.atlas.ITextureAtlas$ITextureAtlasStateListener getTextureAtlasStateListener()
org.andengine.opengl.texture.atlas.ITextureAtlas: void setTextureStateListener(org.andengine.opengl.texture.ITextureStateListener)
org.andengine.opengl.texture.atlas.ITextureAtlas: void setTextureAtlasStateListener(org.andengine.opengl.texture.atlas.ITextureAtlas$ITextureAtlasStateListener)
org.andengine.opengl.texture.atlas.ITextureAtlas$ITextureAtlasStateListener
org.andengine.opengl.texture.atlas.ITextureAtlas$ITextureAtlasStateListener: void onTextureAtlasSourceLoaded(org.andengine.opengl.texture.atlas.ITextureAtlas,org.andengine.opengl.texture.atlas.source.ITextureAtlasSource)
org.andengine.opengl.texture.atlas.ITextureAtlas$ITextureAtlasStateListener: void onTextureAtlasSourceLoadExeption(org.andengine.opengl.texture.atlas.ITextureAtlas,org.andengine.opengl.texture.atlas.source.ITextureAtlasSource,java.lang.Throwable)