proguard/mapping.txt
com.aaagamewater.Bubble -> com.aaagamewater.Bubble:
    float mVelocityX -> a
    float mVelocityY -> b
    org.andengine.ui.activity.BaseGameActivity activity -> c
    org.andengine.entity.scene.Scene scene -> d
    float times -> e
    void onManagedUpdate(float) -> onManagedUpdate
com.aaagamewater.Bubble$1 -> com.aaagamewater.a:
    com.aaagamewater.Bubble this$0 -> a
    com.badlogic.gdx.physics.box2d.Body val$body -> b
    void run() -> run
com.aaagamewater.BuildConfig -> com.aaagamewater.BuildConfig:
    boolean DEBUG -> DEBUG
com.aaagamewater.Main -> com.aaagamewater.Main:
    float Camera_Width -> Camera_Width
    float Camera_Height -> Camera_Height
    int mystate -> C
    boolean adshow -> D
    float GameTime -> E
    java.util.Random rand -> F
    org.andengine.engine.camera.Camera camera -> a
    java.lang.Thread th -> b
    java.lang.Thread th2 -> c
    android.widget.RelativeLayout relativeLayout -> d
    android.os.Handler sehandler -> e
    android.os.Handler sehandler2 -> f
    org.andengine.entity.scene.background.SpriteBackground background -> G
    org.andengine.opengl.texture.region.TiledTextureRegion blueball -> g
    org.andengine.opengl.texture.region.TiledTextureRegion greenball -> h
    org.andengine.opengl.texture.region.TiledTextureRegion branch1 -> i
    org.andengine.opengl.texture.region.TiledTextureRegion branch2 -> j
    org.andengine.opengl.texture.region.TiledTextureRegion pipe -> k
    org.andengine.opengl.texture.region.TiledTextureRegion bubble -> l
    org.andengine.opengl.texture.region.TiledTextureRegion ballcup -> m
    org.andengine.opengl.texture.region.TiledTextureRegion bgre -> n
    org.andengine.opengl.texture.region.TiledTextureRegion alert -> o
    org.andengine.opengl.texture.region.TiledTextureRegion gamename -> p
    org.andengine.opengl.texture.region.TiledTextureRegion rope1 -> q
    org.andengine.opengl.texture.region.TiledTextureRegion rope2 -> r
    org.andengine.opengl.texture.region.TiledTextureRegion rope3 -> s
com.aaagamewater.Main$1 -> com.aaagamewater.b:
    com.aaagamewater.Main this$0 -> a
    boolean handleMessage(android.os.Message) -> handleMessage
com.aaagamewater.Main$2 -> com.aaagamewater.c:
    com.aaagamewater.Main this$0 -> a
    boolean handleMessage(android.os.Message) -> handleMessage
com.aaagamewater.Main$3 -> com.aaagamewater.d:
    com.aaagamewater.Main this$0 -> a
    void run() -> run
com.aaagamewater.Main$4 -> com.aaagamewater.e:
    com.aaagamewater.Main this$0 -> a
    void run() -> run
com.aaagamewater.Main$5 -> com.aaagamewater.f:
    com.aaagamewater.Main this$0 -> a
    void reset() -> reset
    void onUpdate(float) -> onUpdate
com.aaagamewater.Main$6 -> com.aaagamewater.g:
    com.aaagamewater.Main this$0 -> a
    void reset() -> reset
    void onUpdate(float) -> onUpdate
com.aaagamewater.R -> com.aaagamewater.R:
com.aaagamewater.R$attr -> com.aaagamewater.R$attr:
com.aaagamewater.R$dimen -> com.aaagamewater.R$dimen:
    int activity_horizontal_margin -> activity_horizontal_margin
    int activity_vertical_margin -> activity_vertical_margin
com.aaagamewater.R$drawable -> com.aaagamewater.R$drawable:
    int logo -> logo
    int splash -> splash
com.aaagamewater.R$id -> com.aaagamewater.R$id:
    int adLayout -> adLayout
    int iv_adimg -> iv_adimg
    int rendersurfaceview -> rendersurfaceview
com.aaagamewater.R$layout -> com.aaagamewater.R$layout:
    int activity_ad -> activity_ad
    int activity_main -> activity_main
com.aaagamewater.R$string -> com.aaagamewater.R$string:
    int app_name -> app_name
com.aaagamewater.R$style -> com.aaagamewater.R$style:
    int AppBaseTheme -> AppBaseTheme
    int AppTheme -> AppTheme
    int Dialog_Fullscreen -> Dialog_Fullscreen
...
org.andengine.opengl.exception.RenderTextureInitializationException -> org.andengine.opengl.exception.RenderTextureInitializationException:
    long serialVersionUID -> serialVersionUID
org.andengine.opengl.font.BitmapFont -> org.andengine.opengl.font.BitmapFont:
    java.lang.String TAG_INFO -> TAG_INFO
    int TAG_INFO_ATTRIBUTECOUNT -> TAG_INFO_ATTRIBUTECOUNT
    java.lang.String TAG_INFO_ATTRIBUTE_FACE -> TAG_INFO_ATTRIBUTE_FACE
    java.lang.String TAG_INFO_ATTRIBUTE_SIZE -> TAG_INFO_ATTRIBUTE_SIZE
    java.lang.String TAG_INFO_ATTRIBUTE_BOLD -> TAG_INFO_ATTRIBUTE_BOLD
    java.lang.String TAG_INFO_ATTRIBUTE_ITALIC -> TAG_INFO_ATTRIBUTE_ITALIC
    java.lang.String TAG_INFO_ATTRIBUTE_CHARSET -> TAG_INFO_ATTRIBUTE_CHARSET
    java.lang.String TAG_INFO_ATTRIBUTE_UNICODE -> TAG_INFO_ATTRIBUTE_UNICODE
    java.lang.String TAG_INFO_ATTRIBUTE_STRETCHHEIGHT -> TAG_INFO_ATTRIBUTE_STRETCHHEIGHT
    java.lang.String TAG_INFO_ATTRIBUTE_SMOOTH -> TAG_INFO_ATTRIBUTE_SMOOTH
    java.lang.String TAG_INFO_ATTRIBUTE_ANTIALIASED -> TAG_INFO_ATTRIBUTE_ANTIALIASED
    java.lang.String TAG_INFO_ATTRIBUTE_PADDING -> TAG_INFO_ATTRIBUTE_PADDING
    java.lang.String TAG_INFO_ATTRIBUTE_SPACING -> TAG_INFO_ATTRIBUTE_SPACING
    int TAG_INFO_ATTRIBUTE_FACE_INDEX -> TAG_INFO_ATTRIBUTE_FACE_INDEX
    int TAG_INFO_ATTRIBUTE_SIZE_INDEX -> TAG_INFO_ATTRIBUTE_SIZE_INDEX
    int TAG_INFO_ATTRIBUTE_BOLD_INDEX -> TAG_INFO_ATTRIBUTE_BOLD_INDEX
    int TAG_INFO_ATTRIBUTE_ITALIC_INDEX -> TAG_INFO_ATTRIBUTE_ITALIC_INDEX
    int TAG_INFO_ATTRIBUTE_CHARSET_INDEX -> TAG_INFO_ATTRIBUTE_CHARSET_INDEX
    int TAG_INFO_ATTRIBUTE_UNICODE_INDEX -> TAG_INFO_ATTRIBUTE_UNICODE_INDEX
org.andengine.opengl.font.BitmapFont$BitmapFontInfo -> org.andengine.opengl.font.BitmapFont$BitmapFontInfo:
    int PADDING_LEFT_INDEX -> PADDING_LEFT_INDEX
    int PADDING_TOP_INDEX -> PADDING_TOP_INDEX
    int PADDING_RIGHT_INDEX -> PADDING_RIGHT_INDEX
    int PADDING_BOTTOM_INDEX -> PADDING_BOTTOM_INDEX
    int SPACING_X_INDEX -> SPACING_X_INDEX
    int SPACING_Y_INDEX -> SPACING_Y_INDEX
    java.lang.String mFace -> mFace
    int mSize -> mSize
    boolean mBold -> mBold
    boolean mItalic -> mItalic
    java.lang.String mCharset -> mCharset
    int mUnicode -> mUnicode
    int mStretchHeight -> mStretchHeight
    boolean mSmooth -> mSmooth
    boolean mAntiAliased -> mAntiAliased
    int mPaddingLeft -> mPaddingLeft
    int mPaddingTop -> mPaddingTop
    int mPaddingRight -> mPaddingRight
    int mPaddingBottom -> mPaddingBottom
    int mSpacingX -> mSpacingX
    int mSpacingY -> mSpacingY
    org.andengine.opengl.font.BitmapFont this$0 -> this$0
    java.lang.String getFace() -> getFace
    int getSize() -> getSize
    boolean isBold() -> isBold
    boolean isItalic() -> isItalic
    java.lang.String getCharset() -> getCharset
    int getUnicode() -> getUnicode
    int getStretchHeight() -> getStretchHeight
    boolean isSmooth() -> isSmooth
    boolean isAntiAliased() -> isAntiAliased
    int getPaddingLeft() -> getPaddingLeft
    int getPaddingTop() -> getPaddingTop
    int getPaddingRight() -> getPaddingRight
org.andengine.opengl.font.BitmapFont$BitmapFontOptions -> org.andengine.opengl.font.BitmapFont$BitmapFontOptions:
    org.andengine.opengl.font.BitmapFont$BitmapFontOptions DEFAULT -> DEFAULT
    int mTextureOffsetX -> mTextureOffsetX
    int mTextureOffsetY -> mTextureOffsetY
    int getTextureOffsetX() -> getTextureOffsetX
    int getTextureOffsetY() -> getTextureOffsetY
    int access$0(org.andengine.opengl.font.BitmapFont$BitmapFontOptions) -> access$0
    int access$1(org.andengine.opengl.font.BitmapFont$BitmapFontOptions) -> access$1