proguard/usage.txt
com.aaagamewater.Bubble:
    private static final float BALL_VELOCITY
com.aaagamewater.Main:
    private static final int Ready
    private static final int Running
    private static final int Pause
    private static final int Over
    private static final float cupspeed
    private float cupTime
    java.util.List myballs
    java.lang.Runnable run
    528:528:private void startGame()